{
  "RSpec": {
    "coverage": {
      "/Users/lauramaddaluno/makers/bank_tech_test_ruby/spec/bank_account_spec.rb": {
        "lines": [
          null,
          null,
          1,
          null,
          1,
          1,
          1,
          1,
          null,
          null,
          1,
          1,
          1,
          1,
          null,
          null,
          1,
          1,
          1,
          1,
          1,
          null,
          null
        ]
      },
      "/Users/lauramaddaluno/makers/bank_tech_test_ruby/lib/bank_account.rb": {
        "lines": [
          null,
          null,
          null,
          1,
          1,
          null,
          1,
          3,
          3,
          3,
          null,
          null,
          1,
          2,
          null,
          null,
          1,
          1,
          null,
          null,
          1,
          0,
          0,
          0,
          null,
          null,
          null
        ]
      }
    },
    "timestamp": 1635330061
  }
}
